<?xml version="1.0" encoding="UTF-8"?>
<!-- Generated by org.testng.reporters.JUnitReportReporter -->
<testsuite skipped="0" hostname="Lenovo" name="com.TestNG.Features.Grouping_Test" tests="5" failures="0" timestamp="2021-09-22T10:09:15 IST" time="0.340" errors="0">
  <testcase name="instagram" time="0.114" classname="com.TestNG.Features.Grouping_Test"/>
  <system-out/>
  <testcase name="spotify" time="0.024" classname="com.TestNG.Features.Grouping_Test"/>
  <system-out/>
  <testcase name="whatsapp" time="0.072" classname="com.TestNG.Features.Grouping_Test"/>
  <system-out/>
  <testcase name="facebook" time="0.094" classname="com.TestNG.Features.Grouping_Test"/>
  <system-out/>
  <testcase name="wynk" time="0.036" classname="com.TestNG.Features.Grouping_Test"/>
  <system-out/>
</testsuite> <!-- com.TestNG.Features.Grouping_Test -->
