<?xml version="1.0" encoding="UTF-8"?>
<!-- Generated by org.testng.reporters.JUnitReportReporter -->
<testsuite skipped="0" hostname="Lenovo" name="com.TestNG.Features.Invocation_Count" tests="5" failures="0" timestamp="2021-09-20T10:02:45 IST" time="0.123" errors="0">
  <testcase name="browserLaunch" time="0.042" classname="com.TestNG.Features.Invocation_Count"/>
  <system-out/>
  <testcase name="refresh" time="0.024" classname="com.TestNG.Features.Invocation_Count"/>
  <system-out/>
  <testcase name="refresh" time="0.022" classname="com.TestNG.Features.Invocation_Count"/>
  <system-out/>
  <testcase name="refresh" time="0.008" classname="com.TestNG.Features.Invocation_Count"/>
  <system-out/>
  <testcase name="nextPage" time="0.027" classname="com.TestNG.Features.Invocation_Count"/>
  <system-out/>
</testsuite> <!-- com.TestNG.Features.Invocation_Count -->
