<?xml version="1.0" encoding="UTF-8"?>
<!-- Generated by org.testng.reporters.JUnitReportReporter -->
<testsuite skipped="0" hostname="Lenovo" name="com.Demo.Runner.Runner_Class" tests="4" failures="0" timestamp="2021-09-23T15:56:03 IST" time="114.052" errors="0">
  <testcase name="launch_Url" time="96.591" classname="com.Demo.Runner.Runner_Class"/>
  <system-out/>
  <testcase name="credentials" time="8.837" classname="com.Demo.Runner.Runner_Class"/>
  <system-out/>
  <testcase name="credentials" time="8.624" classname="com.Demo.Runner.Runner_Class"/>
  <system-out/>
  <testcase name="login_Btn" time="0.000" classname="com.Demo.Runner.Runner_Class"/>
  <system-out/>
</testsuite> <!-- com.Demo.Runner.Runner_Class -->
