<?xml version="1.0" encoding="UTF-8"?>
<!-- Generated by org.testng.reporters.JUnitReportReporter -->
<testsuite skipped="1" hostname="Lenovo" name="com.TestNG.Features.Ignore_Cocnept" tests="3" failures="0" timestamp="2021-09-18T10:54:31 IST" time="0.054" errors="0">
  <testcase name="earphones" time="0.029" classname="com.TestNG.Features.Ignore_Cocnept"/>
  <system-out/>
  <testcase name="laptop" time="0.025" classname="com.TestNG.Features.Ignore_Cocnept"/>
  <system-out/>
  <testcase name="mobilephones" classname="com.TestNG.Features.Ignore_Cocnept">
    <skipped/>
  </testcase> <!-- mobilephones -->
  <system-out/>
</testsuite> <!-- com.TestNG.Features.Ignore_Cocnept -->
