<?xml version="1.0" encoding="UTF-8"?>
<!-- Generated by org.testng.reporters.JUnitReportReporter -->
<testsuite skipped="0" hostname="Lenovo" name="com.TestNG.Features.Data_Provider" tests="3" failures="0" timestamp="2021-09-21T10:16:07 IST" time="0.066" errors="0">
  <testcase name="credentials" time="0.026" classname="com.TestNG.Features.Data_Provider"/>
  <system-out/>
  <testcase name="credentials" time="0.006" classname="com.TestNG.Features.Data_Provider"/>
  <system-out/>
  <testcase name="credentials" time="0.034" classname="com.TestNG.Features.Data_Provider"/>
  <system-out/>
</testsuite> <!-- com.TestNG.Features.Data_Provider -->
