<?xml version="1.0" encoding="UTF-8"?>
<!-- Generated by org.testng.reporters.JUnitReportReporter -->
<testsuite skipped="0" hostname="Lenovo" name="com.TestNG.Features.Simple_Annotations" tests="3" failures="0" timestamp="2021-09-19T20:37:46 IST" time="0.078" errors="0">
  <testcase name="earphones" time="0.047" classname="com.TestNG.Features.Simple_Annotations"/>
  <system-out/>
  <testcase name="mobilephones" time="0.016" classname="com.TestNG.Features.Simple_Annotations"/>
  <system-out/>
  <testcase name="laptop" time="0.015" classname="com.TestNG.Features.Simple_Annotations"/>
  <system-out/>
</testsuite> <!-- com.TestNG.Features.Simple_Annotations -->
