<?xml version="1.0" encoding="UTF-8"?>
<!-- Generated by org.testng.reporters.JUnitReportReporter -->
<testsuite skipped="0" hostname="Lenovo" name="com.TestNG.Features.Priority_Concept" tests="4" failures="0" timestamp="2021-09-21T20:37:46 IST" time="0.078" errors="0">
  <testcase name="setProperty" time="0.031" classname="com.TestNG.Features.Priority_Concept"/>
  <system-out/>
  <testcase name="username" time="0.000" classname="com.TestNG.Features.Priority_Concept"/>
  <system-out/>
  <testcase name="password" time="0.016" classname="com.TestNG.Features.Priority_Concept"/>
  <system-out/>
  <testcase name="login" time="0.031" classname="com.TestNG.Features.Priority_Concept"/>
  <system-out/>
</testsuite> <!-- com.TestNG.Features.Priority_Concept -->
