<?xml version="1.0" encoding="UTF-8"?>
<!-- Generated by org.testng.reporters.JUnitReportReporter -->
<testsuite skipped="0" hostname="Lenovo" name="com.TestNG_Sep_Batch.Runner_1" tests="3" failures="0" timestamp="2021-09-26T12:23:31 IST" time="26.739" errors="0">
  <testcase name="launch_Url" time="22.275" classname="com.TestNG_Sep_Batch.Runner_1"/>
  <system-out/>
  <testcase name="username" time="1.607" classname="com.TestNG_Sep_Batch.Runner_1"/>
  <system-out/>
  <testcase name="login_Btn" time="2.857" classname="com.TestNG_Sep_Batch.Runner_1"/>
  <system-out/>
</testsuite> <!-- com.TestNG_Sep_Batch.Runner_1 -->
